<?xml version="1.0" encoding="UTF-8"?>
<testng-results ignored="0" total="6" passed="5" failed="1" skipped="0">
  <reporter-output>
  </reporter-output>
  <suite started-at="2022-11-12T12:09:17 IST" name="Suite" finished-at="2022-11-12T12:09:57 IST" duration-ms="39627">
    <groups>
    </groups>
    <test started-at="2022-11-12T12:09:17 IST" name="Test" finished-at="2022-11-12T12:09:57 IST" duration-ms="39627">
      <class name="com.saucedemoTestPack.TC03_BagProduct_AddToCartFucyionality">
        <test-method is-config="true" signature="setup(java.lang.String)[pri:0, instance:com.saucedemoTestPack.TC03_BagProduct_AddToCartFucyionality@49c7b90e]" started-at="2022-11-12T12:09:36 IST" name="setup" finished-at="2022-11-12T12:09:40 IST" duration-ms="3765" status="PASS">
          <params>
            <param index="0">
              <value>
                <![CDATA[firefox]]>
              </value>
            </param>
          </params>
          <reporter-output>
          </reporter-output>
        </test-method> <!-- setup -->
        <test-method signature="BagProduct()[pri:0, instance:com.saucedemoTestPack.TC03_BagProduct_AddToCartFucyionality@49c7b90e]" started-at="2022-11-12T12:09:40 IST" name="BagProduct" finished-at="2022-11-12T12:09:40 IST" duration-ms="391" status="PASS">
          <reporter-output>
          </reporter-output>
        </test-method> <!-- BagProduct -->
        <test-method is-config="true" signature="closeBrowser()[pri:0, instance:com.saucedemoTestPack.TC03_BagProduct_AddToCartFucyionality@49c7b90e]" started-at="2022-11-12T12:09:40 IST" name="closeBrowser" finished-at="2022-11-12T12:09:41 IST" duration-ms="692" status="PASS">
          <reporter-output>
          </reporter-output>
        </test-method> <!-- closeBrowser -->
      </class> <!-- com.saucedemoTestPack.TC03_BagProduct_AddToCartFucyionality -->
      <class name="com.saucedemoTestPack.TC06_verifyAllProducts">
        <test-method is-config="true" signature="setup(java.lang.String)[pri:0, instance:com.saucedemoTestPack.TC06_verifyAllProducts@73700b80]" started-at="2022-11-12T12:09:30 IST" name="setup" finished-at="2022-11-12T12:09:34 IST" duration-ms="3843" status="PASS">
          <params>
            <param index="0">
              <value>
                <![CDATA[firefox]]>
              </value>
            </param>
          </params>
          <reporter-output>
          </reporter-output>
        </test-method> <!-- setup -->
        <test-method signature="verifyAllProducts()[pri:0, instance:com.saucedemoTestPack.TC06_verifyAllProducts@73700b80]" started-at="2022-11-12T12:09:34 IST" name="verifyAllProducts" finished-at="2022-11-12T12:09:35 IST" duration-ms="955" status="FAIL">
          <exception class="java.lang.AssertionError">
            <message>
              <![CDATA[expected [6] but found [3]]]>
            </message>
            <full-stacktrace>
              <![CDATA[java.lang.AssertionError: expected [6] but found [3]
at org.testng.Assert.fail(Assert.java:99)
at org.testng.Assert.failNotEquals(Assert.java:1037)
at org.testng.Assert.assertEqualsImpl(Assert.java:140)
at org.testng.Assert.assertEquals(Assert.java:122)
at org.testng.Assert.assertEquals(Assert.java:629)
at org.testng.Assert.assertEquals(Assert.java:639)
at com.saucedemoTestPack.TC06_verifyAllProducts.verifyAllProducts(TC06_verifyAllProducts.java:27)
at java.base/jdk.internal.reflect.NativeMethodAccessorImpl.invoke0(Native Method)
at java.base/jdk.internal.reflect.NativeMethodAccessorImpl.invoke(NativeMethodAccessorImpl.java:77)
at java.base/jdk.internal.reflect.DelegatingMethodAccessorImpl.invoke(DelegatingMethodAccessorImpl.java:43)
at java.base/java.lang.reflect.Method.invoke(Method.java:568)
at org.testng.internal.MethodInvocationHelper.invokeMethod(MethodInvocationHelper.java:133)
at org.testng.internal.TestInvoker.invokeMethod(TestInvoker.java:598)
at org.testng.internal.TestInvoker.invokeTestMethod(TestInvoker.java:173)
at org.testng.internal.MethodRunner.runInSequence(MethodRunner.java:46)
at org.testng.internal.TestInvoker$MethodInvocationAgent.invoke(TestInvoker.java:824)
at org.testng.internal.TestInvoker.invokeTestMethods(TestInvoker.java:146)
at org.testng.internal.TestMethodWorker.invokeTestMethods(TestMethodWorker.java:146)
at org.testng.internal.TestMethodWorker.run(TestMethodWorker.java:128)
at java.base/java.util.ArrayList.forEach(ArrayList.java:1511)
at org.testng.TestRunner.privateRun(TestRunner.java:794)
at org.testng.TestRunner.run(TestRunner.java:596)
at org.testng.SuiteRunner.runTest(SuiteRunner.java:377)
at org.testng.SuiteRunner.runSequentially(SuiteRunner.java:371)
at org.testng.SuiteRunner.privateRun(SuiteRunner.java:332)
at org.testng.SuiteRunner.run(SuiteRunner.java:276)
at org.testng.SuiteRunnerWorker.runSuite(SuiteRunnerWorker.java:53)
at org.testng.SuiteRunnerWorker.run(SuiteRunnerWorker.java:96)
at org.testng.TestNG.runSuitesSequentially(TestNG.java:1212)
at org.testng.TestNG.runSuitesLocally(TestNG.java:1134)
at org.testng.TestNG.runSuites(TestNG.java:1063)
at org.testng.TestNG.run(TestNG.java:1031)
at org.testng.remote.AbstractRemoteTestNG.run(AbstractRemoteTestNG.java:115)
at org.testng.remote.RemoteTestNG.initAndRun(RemoteTestNG.java:251)
at org.testng.remote.RemoteTestNG.main(RemoteTestNG.java:77)
]]>
            </full-stacktrace>
          </exception> <!-- java.lang.AssertionError -->
          <reporter-output>
          </reporter-output>
        </test-method> <!-- verifyAllProducts -->
        <test-method is-config="true" signature="closeBrowser()[pri:0, instance:com.saucedemoTestPack.TC06_verifyAllProducts@73700b80]" started-at="2022-11-12T12:09:35 IST" name="closeBrowser" finished-at="2022-11-12T12:09:36 IST" duration-ms="1277" status="PASS">
          <reporter-output>
          </reporter-output>
        </test-method> <!-- closeBrowser -->
      </class> <!-- com.saucedemoTestPack.TC06_verifyAllProducts -->
      <class name="com.saucedemoTestPack.TC02_verify_logoutFuctionality">
        <test-method is-config="true" signature="setup(java.lang.String)[pri:0, instance:com.saucedemoTestPack.TC02_verify_logoutFuctionality@6f46426d]" started-at="2022-11-12T12:09:24 IST" name="setup" finished-at="2022-11-12T12:09:28 IST" duration-ms="4695" status="PASS">
          <params>
            <param index="0">
              <value>
                <![CDATA[firefox]]>
              </value>
            </param>
          </params>
          <reporter-output>
          </reporter-output>
        </test-method> <!-- setup -->
        <test-method signature="verifyLogout()[pri:0, instance:com.saucedemoTestPack.TC02_verify_logoutFuctionality@6f46426d]" started-at="2022-11-12T12:09:28 IST" name="verifyLogout" finished-at="2022-11-12T12:09:29 IST" duration-ms="661" status="PASS">
          <reporter-output>
          </reporter-output>
        </test-method> <!-- verifyLogout -->
        <test-method is-config="true" signature="closeBrowser()[pri:0, instance:com.saucedemoTestPack.TC02_verify_logoutFuctionality@6f46426d]" started-at="2022-11-12T12:09:29 IST" name="closeBrowser" finished-at="2022-11-12T12:09:30 IST" duration-ms="862" status="PASS">
          <reporter-output>
          </reporter-output>
        </test-method> <!-- closeBrowser -->
      </class> <!-- com.saucedemoTestPack.TC02_verify_logoutFuctionality -->
      <class name="com.saucedemoTestPack.TC05_verify_AboutFuctionality">
        <test-method is-config="true" signature="setup(java.lang.String)[pri:0, instance:com.saucedemoTestPack.TC05_verify_AboutFuctionality@10d307f1]" started-at="2022-11-12T12:09:41 IST" name="setup" finished-at="2022-11-12T12:09:44 IST" duration-ms="3468" status="PASS">
          <params>
            <param index="0">
              <value>
                <![CDATA[firefox]]>
              </value>
            </param>
          </params>
          <reporter-output>
          </reporter-output>
        </test-method> <!-- setup -->
        <test-method signature="verifyaboutFuctionality()[pri:0, instance:com.saucedemoTestPack.TC05_verify_AboutFuctionality@10d307f1]" started-at="2022-11-12T12:09:44 IST" name="verifyaboutFuctionality" finished-at="2022-11-12T12:09:51 IST" duration-ms="6180" status="PASS">
          <reporter-output>
          </reporter-output>
        </test-method> <!-- verifyaboutFuctionality -->
        <test-method is-config="true" signature="closeBrowser()[pri:0, instance:com.saucedemoTestPack.TC05_verify_AboutFuctionality@10d307f1]" started-at="2022-11-12T12:09:51 IST" name="closeBrowser" finished-at="2022-11-12T12:09:52 IST" duration-ms="1056" status="PASS">
          <reporter-output>
          </reporter-output>
        </test-method> <!-- closeBrowser -->
      </class> <!-- com.saucedemoTestPack.TC05_verify_AboutFuctionality -->
      <class name="com.saucedemoTestPack.TC001_verifyLoginFunctionality">
        <test-method is-config="true" signature="setup(java.lang.String)[pri:0, instance:com.saucedemoTestPack.TC001_verifyLoginFunctionality@4944252c]" started-at="2022-11-12T12:09:17 IST" name="setup" finished-at="2022-11-12T12:09:23 IST" duration-ms="5209" status="PASS">
          <params>
            <param index="0">
              <value>
                <![CDATA[firefox]]>
              </value>
            </param>
          </params>
          <reporter-output>
          </reporter-output>
        </test-method> <!-- setup -->
        <test-method signature="verifyLogin()[pri:0, instance:com.saucedemoTestPack.TC001_verifyLoginFunctionality@4944252c]" started-at="2022-11-12T12:09:23 IST" name="verifyLogin" finished-at="2022-11-12T12:09:23 IST" duration-ms="140" status="PASS">
          <reporter-output>
          </reporter-output>
        </test-method> <!-- verifyLogin -->
        <test-method is-config="true" signature="closeBrowser()[pri:0, instance:com.saucedemoTestPack.TC001_verifyLoginFunctionality@4944252c]" started-at="2022-11-12T12:09:23 IST" name="closeBrowser" finished-at="2022-11-12T12:09:24 IST" duration-ms="1044" status="PASS">
          <reporter-output>
          </reporter-output>
        </test-method> <!-- closeBrowser -->
      </class> <!-- com.saucedemoTestPack.TC001_verifyLoginFunctionality -->
      <class name="com.saucedemoTestPack.TC04_verify_applyFilter">
        <test-method is-config="true" signature="setup(java.lang.String)[pri:0, instance:com.saucedemoTestPack.TC04_verify_applyFilter@4d5b6aac]" started-at="2022-11-12T12:09:52 IST" name="setup" finished-at="2022-11-12T12:09:55 IST" duration-ms="3735" status="PASS">
          <params>
            <param index="0">
              <value>
                <![CDATA[firefox]]>
              </value>
            </param>
          </params>
          <reporter-output>
          </reporter-output>
        </test-method> <!-- setup -->
        <test-method signature="verifyFilter()[pri:0, instance:com.saucedemoTestPack.TC04_verify_applyFilter@4d5b6aac]" started-at="2022-11-12T12:09:55 IST" name="verifyFilter" finished-at="2022-11-12T12:09:56 IST" duration-ms="653" status="PASS">
          <reporter-output>
          </reporter-output>
        </test-method> <!-- verifyFilter -->
        <test-method is-config="true" signature="closeBrowser()[pri:0, instance:com.saucedemoTestPack.TC04_verify_applyFilter@4d5b6aac]" started-at="2022-11-12T12:09:56 IST" name="closeBrowser" finished-at="2022-11-12T12:09:57 IST" duration-ms="939" status="PASS">
          <reporter-output>
          </reporter-output>
        </test-method> <!-- closeBrowser -->
      </class> <!-- com.saucedemoTestPack.TC04_verify_applyFilter -->
    </test> <!-- Test -->
  </suite> <!-- Suite -->
</testng-results>
